<?xml version="1.0" encoding="UTF-8"?>
<testsuite failures="3" errors="0" skipped="1" tests="4" time="36.935761" name="Smartstore">
<testcase classname="Smartstore" name="Login Pass (uid:5fb71e05-20f0-447c-a5e7-88e685c2b7f1)" time="10.989482">
  <failure message="failed Login Pass (uid:5fb71e05-20f0-447c-a5e7-88e685c2b7f1)" type="failed">
    <![CDATA[Scenario: Login Pass (uid:5fb71e05-20f0-447c-a5e7-88e685c2b7f1)

After hook

Message:
]]>
    <![CDATA[Failed to open TCP connection to 127.0.0.1:4444 (No connection could be made because the target machine actively refused it. - connect(2) for "127.0.0.1" port 4444) (Errno::ECONNREFUSED)
./features/support/closing_hook.rb:10:in `After']]>
  </failure>
  <system-out>
    <![CDATA[]]>
  </system-out>
  <system-err>
    <![CDATA[]]>
  </system-err>
</testcase>
<testcase classname="Smartstore" name="Login Fail (uid:499aed20-e212-4fc2-9b8e-79a16e8a88a5)" time="9.657205">
  <failure message="failed Login Fail (uid:499aed20-e212-4fc2-9b8e-79a16e8a88a5)" type="failed">
    <![CDATA[Scenario: Login Fail (uid:499aed20-e212-4fc2-9b8e-79a16e8a88a5)

After hook

Message:
]]>
    <![CDATA[Failed to open TCP connection to 127.0.0.1:4444 (No connection could be made because the target machine actively refused it. - connect(2) for "127.0.0.1" port 4444) (Errno::ECONNREFUSED)
./features/support/closing_hook.rb:10:in `After']]>
  </failure>
  <system-out>
    <![CDATA[]]>
  </system-out>
  <system-err>
    <![CDATA[]]>
  </system-err>
</testcase>
<testcase classname="Smartstore" name="Checkout (uid:8b5a4c86-f26c-4ecd-84a0-86524efab2cd)" time="9.544014">
  <failure message="failed Checkout (uid:8b5a4c86-f26c-4ecd-84a0-86524efab2cd)" type="failed">
    <![CDATA[Scenario: Checkout (uid:8b5a4c86-f26c-4ecd-84a0-86524efab2cd)

Then the user can checkout the item

Message:
]]>
    <![CDATA[Element <span> is not clickable at point (1287,560) because another element <div class="canvas-blocker canvas-slidable"> obscures it (Selenium::WebDriver::Error::ElementClickInterceptedError)
WebDriverError@chrome://marionette/content/error.js:175:5
ElementClickInterceptedError@chrome://marionette/content/error.js:274:5
webdriverClickElement@chrome://marionette/content/interaction.js:169:11
interaction.clickElement@chrome://marionette/content/interaction.js:131:11
clickElement/<@chrome://marionette/content/listener.js:1341:28
navigate/<@chrome://marionette/content/listener.js:446:13
navigate@chrome://marionette/content/listener.js:447:7
clickElement@chrome://marionette/content/listener.js:1339:18
./features/step_definitions/actionwords.rb:59:in `the_user_can_checkout_the_item'
./features/step_definitions/step_definitions.rb:43:in `/^the user can checkout the item$/'
features/smartstore.feature:25:in `Then the user can checkout the item']]>
  </failure>
  <system-out>
    <![CDATA[]]>
  </system-out>
  <system-err>
    <![CDATA[]]>
  </system-err>
</testcase>
<testcase classname="Smartstore" name="ContactUS (uid:2a71a9db-2887-4df9-95dd-ace88760a8a6)" time="6.745060">
  <skipped/>
  <system-out>
    <![CDATA[]]>
  </system-out>
  <system-err>
    <![CDATA[]]>
  </system-err>
</testcase>
</testsuite>
