<?xml version="1.0" encoding="UTF-8"?>
<testsuite failures="0" errors="0" skipped="1" tests="4" time="38.445670" name="Smartstore">
<testcase classname="Smartstore" name="Login Pass (uid:5fb71e05-20f0-447c-a5e7-88e685c2b7f1)" time="11.229549">
  <system-out>
    <![CDATA[]]>
  </system-out>
  <system-err>
    <![CDATA[]]>
  </system-err>
</testcase>
<testcase classname="Smartstore" name="Login Fail (uid:499aed20-e212-4fc2-9b8e-79a16e8a88a5)" time="9.115665">
  <system-out>
    <![CDATA[]]>
  </system-out>
  <system-err>
    <![CDATA[]]>
  </system-err>
</testcase>
<testcase classname="Smartstore" name="Checkout (uid:8b5a4c86-f26c-4ecd-84a0-86524efab2cd)" time="11.670200">
  <system-out>
    <![CDATA[]]>
  </system-out>
  <system-err>
    <![CDATA[]]>
  </system-err>
</testcase>
<testcase classname="Smartstore" name="ContactUS (uid:2a71a9db-2887-4df9-95dd-ace88760a8a6)" time="6.430256">
  <skipped/>
  <system-out>
    <![CDATA[]]>
  </system-out>
  <system-err>
    <![CDATA[]]>
  </system-err>
</testcase>
</testsuite>
